<?xml version="1.0" encoding="UTF-8"?>
<robot generator="Robot 3.1.2 (Python 3.7.1 on win32)" generated="20190711 15:23:51.196" rpa="false">
<suite id="s1" name="PlatUeIdentity" source="C:\Users\yanng\Documents\STF569_RobotFramework\SRV\UETAG\PlatUeIdentity.robot">
<test id="s1-t1" name="Get UeIdentity tag information">
<kw name="... Check that the IUT responds with the information on a UE Identity tag when queried by a MEC Application">
<msg timestamp="20190711 15:23:51.595" level="FAIL">No keyword with name '... Check that the IUT responds with the information on a UE Identity tag when queried by a MEC Application' found.</msg>
<status status="FAIL" starttime="20190711 15:23:51.594" endtime="20190711 15:23:51.595"></status>
</kw>
<doc>TC_MEC_SRV_UETAG_001_OK</doc>
<tags>
<tag>TP_MEC_SRV_UETAG</tag>
<tag>TP_MEC_SRV_UETAG_001_OK</tag>
</tags>
<status status="FAIL" starttime="20190711 15:23:51.575" endtime="20190711 15:23:51.595" critical="yes">No keyword with name '... Check that the IUT responds with the information on a UE Identity tag when queried by a MEC Application' found.</status>
</test>
<test id="s1-t2" name="Register a UE Identity tag">
<kw name="... Check that the IUT registers a tag (representing a UE) or a list of tags when commanded by a MEC Application">
<msg timestamp="20190711 15:23:51.604" level="FAIL">No keyword with name '... Check that the IUT registers a tag (representing a UE) or a list of tags when commanded by a MEC Application' found.</msg>
<status status="FAIL" starttime="20190711 15:23:51.604" endtime="20190711 15:23:51.604"></status>
</kw>
<doc>TC_MEC_PLAT_UETAG_002_OK</doc>
<tags>
<tag>TP_MEC_SRV_UETAG</tag>
<tag>TP_MEC_SRV_UETAG_002_OK</tag>
</tags>
<status status="FAIL" starttime="20190711 15:23:51.602" endtime="20190711 15:23:51.605" critical="yes">No keyword with name '... Check that the IUT registers a tag (representing a UE) or a list of tags when commanded by a MEC Application' found.</status>
</test>
<status status="FAIL" starttime="20190711 15:23:51.197" endtime="20190711 15:23:51.616"></status>
</suite>
<statistics>
<total>
<stat pass="0" fail="2">Critical Tests</stat>
<stat pass="0" fail="2">All Tests</stat>
</total>
<tag>
<stat pass="0" fail="2">TP_MEC_SRV_UETAG</stat>
<stat pass="0" fail="1">TP_MEC_SRV_UETAG_001_OK</stat>
<stat pass="0" fail="1">TP_MEC_SRV_UETAG_002_OK</stat>
</tag>
<suite>
<stat pass="0" fail="2" id="s1" name="PlatUeIdentity">PlatUeIdentity</stat>
</suite>
</statistics>
<errors>
</errors>
</robot>
